<?xml version="1.0" encoding="UTF-8"?>
<!-- Generated by org.testng.reporters.JUnitReportReporter -->
<testsuite skipped="0" hostname="B300LCOK" name="com.scripted.runners.SaveMartRunner" tests="2" failures="0" timestamp="2023-02-26T21:54:14 IST" time="199.947" errors="0">
  <testcase name="runScenario" time="23.432" classname="com.scripted.runners.SaveMartRunner"/>
  <system-out/>
  <testcase name="runScenario" time="176.515" classname="com.scripted.runners.SaveMartRunner"/>
  <system-out/>
</testsuite> <!-- com.scripted.runners.SaveMartRunner -->
